0 info it worked if it ends with ok
1 verbose cli [ '/Users/daniel/.nvm/versions/node/v6.9.1/bin/node',
1 verbose cli   '/Users/daniel/.nvm/versions/node/v6.9.1/bin/npm',
1 verbose cli   'run',
1 verbose cli   'build' ]
2 info using npm@3.10.8
3 info using node@v6.9.1
4 verbose run-script [ 'prebuild', 'build', 'postbuild' ]
5 info lifecycle webpackbust@1.0.0~prebuild: webpackbust@1.0.0
6 silly lifecycle webpackbust@1.0.0~prebuild: no script for prebuild, continuing
7 info lifecycle webpackbust@1.0.0~build: webpackbust@1.0.0
8 verbose lifecycle webpackbust@1.0.0~build: unsafe-perm in lifecycle true
9 verbose lifecycle webpackbust@1.0.0~build: PATH: /Users/daniel/.nvm/versions/node/v6.9.1/lib/node_modules/npm/bin/node-gyp-bin:/Users/daniel/Dropbox-knaut/Dropbox/NewDesktop/Code/code/webpackBust/node_modules/.bin:/Users/daniel/.nvm/versions/node/v6.9.1/bin:./node_modules/.bin:/bin:/sbin:/usr/bin:/usr/local/sbin:/usr/local/bin:/usr/bin:/bin:/usr/sbin:/sbin:/usr/local/bin:/usr/local/git/bin
10 verbose lifecycle webpackbust@1.0.0~build: CWD: /Users/daniel/Dropbox-knaut/Dropbox/NewDesktop/Code/code/webpackBust
11 silly lifecycle webpackbust@1.0.0~build: Args: [ '-c', 'webpack' ]
12 silly lifecycle webpackbust@1.0.0~build: Returned: code: 2  signal: null
13 info lifecycle webpackbust@1.0.0~build: Failed to exec build script
14 verbose stack Error: webpackbust@1.0.0 build: `webpack`
14 verbose stack Exit status 2
14 verbose stack     at EventEmitter.<anonymous> (/Users/daniel/.nvm/versions/node/v6.9.1/lib/node_modules/npm/lib/utils/lifecycle.js:255:16)
14 verbose stack     at emitTwo (events.js:106:13)
14 verbose stack     at EventEmitter.emit (events.js:191:7)
14 verbose stack     at ChildProcess.<anonymous> (/Users/daniel/.nvm/versions/node/v6.9.1/lib/node_modules/npm/lib/utils/spawn.js:40:14)
14 verbose stack     at emitTwo (events.js:106:13)
14 verbose stack     at ChildProcess.emit (events.js:191:7)
14 verbose stack     at maybeClose (internal/child_process.js:877:16)
14 verbose stack     at Process.ChildProcess._handle.onexit (internal/child_process.js:226:5)
15 verbose pkgid webpackbust@1.0.0
16 verbose cwd /Users/daniel/Dropbox-knaut/Dropbox/NewDesktop/Code/code/webpackBust
17 error Darwin 15.5.0
18 error argv "/Users/daniel/.nvm/versions/node/v6.9.1/bin/node" "/Users/daniel/.nvm/versions/node/v6.9.1/bin/npm" "run" "build"
19 error node v6.9.1
20 error npm  v3.10.8
21 error code ELIFECYCLE
22 error webpackbust@1.0.0 build: `webpack`
22 error Exit status 2
23 error Failed at the webpackbust@1.0.0 build script 'webpack'.
23 error Make sure you have the latest version of node.js and npm installed.
23 error If you do, this is most likely a problem with the webpackbust package,
23 error not with npm itself.
23 error Tell the author that this fails on your system:
23 error     webpack
23 error You can get information on how to open an issue for this project with:
23 error     npm bugs webpackbust
23 error Or if that isn't available, you can get their info via:
23 error     npm owner ls webpackbust
23 error There is likely additional logging output above.
24 verbose exit [ 1, true ]
